#
# A fatal error has been detected by the Java Runtime Environment:
#
#  EXCEPTION_ACCESS_VIOLATION (0xc0000005) at pc=0x0000000000000000, pid=24996, tid=15048
#
# JRE version: OpenJDK Runtime Environment JBR-17.0.9+7-1087.7-nomod (17.0.9+7) (build 17.0.9+7-b1087.7)
# Java VM: OpenJDK 64-Bit Server VM JBR-17.0.9+7-1087.7-nomod (17.0.9+7-b1087.7, mixed mode, tiered, compressed oops, compressed class ptrs, g1 gc, windows-amd64)
# Problematic frame:
# C  [glfw.dll+0x14889]
#
# No core dump will be written. Minidumps are not enabled by default on client versions of Windows
#
# If you would like to submit a bug report, please visit:
#   https://youtrack.jetbrains.com/issues/JBR
# The crash happened outside the Java Virtual Machine in native code.
# See problematic frame for where to report the bug.
#

---------------  S U M M A R Y ------------

Command Line: -Dfile.encoding=windows-1251 -Duser.country=US -Duser.language=en -Duser.variant labirinthan.Labirinthan

Host: Intel(R) Core(TM) i5-10300H CPU @ 2.50GHz, 8 cores, 15G,  Windows 11 , 64 bit Build 22621 (10.0.22621.3527)
Time: Mon Jun 10 13:24:50 2024 FLE Daylight Time elapsed time: 33.039123 seconds (0d 0h 0m 33s)

---------------  T H R E A D  ---------------

Current thread (0x000002597fa436e0):  JavaThread "jME3 Main" [_thread_in_native, id=15048, stack(0x0000008485700000,0x0000008485800000)]

Stack: [0x0000008485700000,0x0000008485800000],  sp=0x00000084857fe950,  free space=1018k
Native frames: (J=compiled Java code, j=interpreted, Vv=VM code, C=native code)

Java frames: (J=compiled Java code, j=interpreted, Vv=VM code)
j  org.lwjgl.system.JNI.invokePPPP(IIJJJJ)J+0
j  org.lwjgl.glfw.GLFW.nglfwCreateWindow(IIJJJ)J+14
j  org.lwjgl.glfw.GLFW.glfwCreateWindow(IILjava/lang/CharSequence;JJ)J+34
j  com.jme3.system.lwjgl.LwjglWindow.createContext(Lcom/jme3/system/AppSettings;)V+346
j  com.jme3.system.lwjgl.LwjglWindow.initInThread()Z+34
j  com.jme3.system.lwjgl.LwjglWindow.run()V+34
j  java.lang.Thread.run()V+11 java.base@17.0.9
v  ~StubRoutines::call_stub

siginfo: EXCEPTION_ACCESS_VIOLATION (0xc0000005), data execution prevention violation at address 0x0000000000000000


Registers:
RAX=0x000002597dfb8e40, RBX=0x0000000000000009, RCX=0x000002597dfb8e40, RDX=0x0000000000000000
RSP=0x00000084857fe948, RBP=0x00000084857fea50, RSI=0x00000000000000dc, RDI=0x000002597dfbbb40
R8 =0x0000000000000000, R9 =0x00000084857ff170, R10=0x0000000000000040, R11=0x0000000000000240
R12=0x00000000000000a0, R13=0x00000000000000a0, R14=0x0000000000000018, R15=0x000002597dfb8e40
RIP=0x0000000000000000, EFLAGS=0x0000000000010202


Register to memory mapping:

RIP=0x0 is NULL
RAX=0x000002597dfb8e40 points into unknown readable memory: 0x0000000800000008 | 08 00 00 00 08 00 00 00
RBX=0x0000000000000009 is an unknown value
RCX=0x000002597dfb8e40 points into unknown readable memory: 0x0000000800000008 | 08 00 00 00 08 00 00 00
RDX=0x0 is NULL
RSP=0x00000084857fe948 is pointing into the stack for thread: 0x000002597fa436e0
RBP=0x00000084857fea50 is pointing into the stack for thread: 0x000002597fa436e0
RSI=0x00000000000000dc is an unknown value
RDI=0x000002597dfbbb40 points into unknown readable memory: 0x0000000000000000 | 00 00 00 00 00 00 00 00
R8 =0x0 is NULL
R9 =0x00000084857ff170 is pointing into the stack for thread: 0x000002597fa436e0
R10=0x0000000000000040 is an unknown value
R11=0x0000000000000240 is an unknown value
R12=0x00000000000000a0 is an unknown value
R13=0x00000000000000a0 is an unknown value
R14=0x0000000000000018 is an unknown value
R15=0x000002597dfb8e40 points into unknown readable memory: 0x0000000800000008 | 08 00 00 00 08 00 00 00


Top of Stack: (sp=0x00000084857fe948)
0x00000084857fe948:   00007ff89b3c4889 0000000000000018
0x00000084857fe958:   00000000000000dc 000002597dfbbb40
0x00000084857fe968:   00000000000000a0 00000084857fe9d0
0x00000084857fe978:   00000084857fea70 00000084857ff170
0x00000084857fe988:   000000dc00000000 000002597e008bb0
0x00000084857fe998:   00000084857fece0 0000007800010028
0x00000084857fe9a8:   0201010100010401 1000000000000000
0x00000084857fe9b8:   0000000000000008 0000000000000000
0x00000084857fe9c8:   00000084857fead0 0000200100002010
0x00000084857fe9d8:   0000200300002013 0000201600002015
0x00000084857fe9e8:   0000201800002017 0000201a00002019
0x00000084857fe9f8:   0000201c0000201b 0000202300002022
0x00000084857fea08:   0000201e0000201d 000020200000201f
0x00000084857fea18:   0000202400002021 0000201100002012
0x00000084857fea28:   000020a900002042 0000000000000000
0x00000084857fea38:   0000000000000008 00000084857fead0
0x00000084857fea48:   00007ff91b016000 0000000000000000
0x00000084857fea58:   00007ff91b293994 000002594bd5b4b0
0x00000084857fea68:   00007ff91af9ac85 0000000000000001
0x00000084857fea78:   000020250000202b 0000001000000008
0x00000084857fea88:   0000000800000008 0000000000000008
0x00000084857fea98:   0000000000000008 0000000800000020
0x00000084857feaa8:   0000001000000040 0000001000000010
0x00000084857feab8:   0000000000000010 0000000000000000
0x00000084857feac8:   0000000000000000 0004001800040008
0x00000084857fead8:   00007ff89b3c2710 00007ff91b28f840
0x00000084857feae8:   00007ff91af990c7 000002597e008bb0
0x00000084857feaf8:   0000000000000000 0000043800000780
0x00000084857feb08:   00000084857fed20 00004c9d589a6ad0
0x00000084857feb18:   0000000000040008 0000000000000000
0x00000084857feb28:   000002597fa436e0 00000259719998f0
0x00000084857feb38:   000002596da573f8 00000084857fece0 

Instructions: (pc=0x00007ff89b3c4889)
0x00007ff89b3c4789:   01 00 00 8b 4c 24 54 f6 c1 04 0f 84 02 fb ff ff
0x00007ff89b3c4799:   f6 c1 20 0f 84 f9 fa ff ff 0f ba e1 0c 72 09 f6
0x00007ff89b3c47a9:   c1 40 0f 85 ea fa ff ff 80 7c 24 58 00 0f 85 df
0x00007ff89b3c47b9:   fa ff ff 48 8b 54 24 30 8b c1 83 e0 01 3b 42 38
0x00007ff89b3c47c9:   75 75 0f b6 44 24 5a 89 07 0f b6 44 24 5c 89 47
0x00007ff89b3c47d9:   04 0f b6 44 24 5e 89 47 08 0f b6 44 24 60 89 47
0x00007ff89b3c47e9:   0c 0f b6 44 24 67 89 47 10 0f b6 44 24 68 89 47
0x00007ff89b3c47f9:   14 0f b6 44 24 63 89 47 18 0f b6 44 24 64 89 47
0x00007ff89b3c4809:   1c 0f b6 44 24 65 89 47 20 0f b6 44 24 66 89 47
0x00007ff89b3c4819:   24 0f b6 44 24 69 89 47 28 f6 c1 02 74 07 c7 47
0x00007ff89b3c4829:   2c 01 00 00 00 48 63 c6 41 ff c5 48 89 47 40 49
0x00007ff89b3c4839:   ff c4 e9 5b fa ff ff 48 8b ca e9 58 fa ff ff 48
0x00007ff89b3c4849:   8d 15 c1 14 05 00 b9 08 00 01 00 e8 e7 75 ff ff
0x00007ff89b3c4859:   eb 56 45 85 ed 74 40 45 8b c5 49 8b d7 e8 a5 c7
0x00007ff89b3c4869:   fe ff 48 85 c0 75 0e 48 8d 15 29 15 05 00 b9 09
0x00007ff89b3c4879:   00 01 00 eb 2e 8b 58 40 49 8b cf e8 37 db fe ff
0x00007ff89b3c4889:   8b c3 eb 2e 48 8d 15 ac 14 05 00 b9 08 00 01 00
0x00007ff89b3c4899:   e8 a2 75 ff ff eb 11 48 8d 15 c1 14 05 00 b9 06
0x00007ff89b3c48a9:   00 01 00 e8 ef d5 fe ff 49 8b cf e8 07 db fe ff
0x00007ff89b3c48b9:   33 c0 4c 8b a4 24 d0 01 00 00 48 8b b4 24 18 02
0x00007ff89b3c48c9:   00 00 48 8b 8d c0 00 00 00 48 33 cc e8 56 03 00
0x00007ff89b3c48d9:   00 48 81 c4 d8 01 00 00 41 5f 41 5e 41 5d 5f 5b
0x00007ff89b3c48e9:   5d c3 cc cc cc cc cc 40 53 48 83 ec 20 48 8b d9
0x00007ff89b3c48f9:   48 8b 89 c0 02 00 00 48 85 c9 74 11 ff 15 b5 57
0x00007ff89b3c4909:   06 00 48 c7 83 c0 02 00 00 00 00 00 00 48 83 c4
0x00007ff89b3c4919:   20 5b c3 cc cc cc cc 40 53 48 83 ec 20 48 83 3d
0x00007ff89b3c4929:   da 57 06 00 00 48 8b d9 74 11 ff 15 97 57 06 00
0x00007ff89b3c4939:   48 8b c8 ff 15 c6 57 06 00 eb 0e 48 8b 05 b5 57
0x00007ff89b3c4949:   06 00 48 85 c0 74 17 ff d0 48 85 c0 74 10 48 8b
0x00007ff89b3c4959:   d0 48 8b cb 48 83 c4 20 5b e9 d9 d0 fe ff 33 c0
0x00007ff89b3c4969:   48 83 c4 20 5b c3 cc 40 53 48 83 ec 20 48 8b d9
0x00007ff89b3c4979:   ff 15 49 57 06 00 48 85 c0 75 14 48 8b 0d 25 57 


Stack slot to memory mapping:
stack at sp + 0 slots: 0x0000000000000018 is an unknown value
stack at sp + 1 slots: 0x00000000000000dc is an unknown value
stack at sp + 2 slots: 0x000002597dfbbb40 points into unknown readable memory: 0x0000000000000000 | 00 00 00 00 00 00 00 00
stack at sp + 3 slots: 0x00000000000000a0 is an unknown value
stack at sp + 4 slots: 0x00000084857fe9d0 is pointing into the stack for thread: 0x000002597fa436e0
stack at sp + 5 slots: 0x00000084857fea70 is pointing into the stack for thread: 0x000002597fa436e0
stack at sp + 6 slots: 0x00000084857ff170 is pointing into the stack for thread: 0x000002597fa436e0
stack at sp + 7 slots: 0x000000dc00000000 is an unknown value


---------------  P R O C E S S  ---------------

Threads class SMR info:
_java_thread_list=0x0000025901618d70, length=20, elements={
0x000002596c6e8950, 0x000002596c6e97d0, 0x000002596c73c520, 0x000002596c756110,
0x000002596c758be0, 0x000002596c7595a0, 0x000002596c75a340, 0x000002596c75adf0,
0x000002596c75d800, 0x000002596c8dcbf0, 0x000002596c8ecde0, 0x000002594d9e3910,
0x000002597d999950, 0x000002597e022d90, 0x000002597e041ac0, 0x000002597fa43bf0,
0x000002597fa44100, 0x000002597fa436e0, 0x000002597fa427b0, 0x000002597fa42cc0
}

Java Threads: ( => current thread )
  0x000002596c6e8950 JavaThread "Reference Handler" daemon [_thread_blocked, id=15844, stack(0x0000008484500000,0x0000008484600000)]
  0x000002596c6e97d0 JavaThread "Finalizer" daemon [_thread_blocked, id=23248, stack(0x0000008484600000,0x0000008484700000)]
  0x000002596c73c520 JavaThread "Signal Dispatcher" daemon [_thread_blocked, id=14296, stack(0x0000008484700000,0x0000008484800000)]
  0x000002596c756110 JavaThread "Attach Listener" daemon [_thread_blocked, id=13332, stack(0x0000008484800000,0x0000008484900000)]
  0x000002596c758be0 JavaThread "Service Thread" daemon [_thread_blocked, id=20768, stack(0x0000008484900000,0x0000008484a00000)]
  0x000002596c7595a0 JavaThread "Monitor Deflation Thread" daemon [_thread_blocked, id=22604, stack(0x0000008484a00000,0x0000008484b00000)]
  0x000002596c75a340 JavaThread "C2 CompilerThread0" daemon [_thread_blocked, id=25968, stack(0x0000008484b00000,0x0000008484c00000)]
  0x000002596c75adf0 JavaThread "C1 CompilerThread0" daemon [_thread_blocked, id=6136, stack(0x0000008484c00000,0x0000008484d00000)]
  0x000002596c75d800 JavaThread "Sweeper thread" daemon [_thread_blocked, id=10020, stack(0x0000008484d00000,0x0000008484e00000)]
  0x000002596c8dcbf0 JavaThread "Notification Thread" daemon [_thread_blocked, id=9908, stack(0x0000008484e00000,0x0000008484f00000)]
  0x000002596c8ecde0 JavaThread "Common-Cleaner" daemon [_thread_blocked, id=2096, stack(0x0000008485000000,0x0000008485100000)]
  0x000002594d9e3910 JavaThread "DestroyJavaVM" [_thread_blocked, id=1596, stack(0x0000008483e00000,0x0000008483f00000)]
  0x000002597d999950 JavaThread "LWJGL Deallocator" daemon [_thread_blocked, id=17156, stack(0x0000008485100000,0x0000008485200000)]
  0x000002597e022d90 JavaThread "Java2D Disposer" daemon [_thread_blocked, id=16784, stack(0x0000008486750000,0x0000008486850000)]
  0x000002597e041ac0 JavaThread "AWT-Windows" daemon [_thread_in_native, id=21476, stack(0x0000008486950000,0x0000008486a50000)]
  0x000002597fa43bf0 JavaThread "pool-1-thread-1" [_thread_blocked, id=19364, stack(0x0000008486850000,0x0000008486950000)]
  0x000002597fa44100 JavaThread "pool-2-thread-1" [_thread_blocked, id=21628, stack(0x0000008486a50000,0x0000008486b50000)]
=>0x000002597fa436e0 JavaThread "jME3 Main" [_thread_in_native, id=15048, stack(0x0000008485700000,0x0000008485800000)]
  0x000002597fa427b0 JavaThread "AWT-Shutdown" [_thread_blocked, id=14736, stack(0x0000008486350000,0x0000008486450000)]
  0x000002597fa42cc0 JavaThread "AWT-EventQueue-0" [_thread_blocked, id=1208, stack(0x0000008486450000,0x0000008486550000)]

Other Threads:
  0x000002596c6e4c20 VMThread "VM Thread" [stack: 0x0000008484400000,0x0000008484500000] [id=8948]
  0x000002596c8e10f0 WatcherThread [stack: 0x0000008484f00000,0x0000008485000000] [id=19616]
  0x000002594da51240 GCTaskThread "GC Thread#0" [stack: 0x0000008483f00000,0x0000008484000000] [id=25876]
  0x000002596c928c40 GCTaskThread "GC Thread#1" [stack: 0x0000008485c50000,0x0000008485d50000] [id=13896]
  0x000002596c9286c0 GCTaskThread "GC Thread#2" [stack: 0x0000008485d50000,0x0000008485e50000] [id=7348]
  0x000002596c928140 GCTaskThread "GC Thread#3" [stack: 0x0000008485e50000,0x0000008485f50000] [id=19824]
  0x000002596c927640 GCTaskThread "GC Thread#4" [stack: 0x0000008485f50000,0x0000008486050000] [id=26112]
  0x000002596c928980 GCTaskThread "GC Thread#5" [stack: 0x0000008486050000,0x0000008486150000] [id=7960]
  0x000002596c927bc0 GCTaskThread "GC Thread#6" [stack: 0x0000008486150000,0x0000008486250000] [id=16548]
  0x000002596c927900 GCTaskThread "GC Thread#7" [stack: 0x0000008486250000,0x0000008486350000] [id=20908]
  0x000002594da61e50 ConcurrentGCThread "G1 Main Marker" [stack: 0x0000008484000000,0x0000008484100000] [id=22612]
  0x000002594da63010 ConcurrentGCThread "G1 Conc#0" [stack: 0x0000008484100000,0x0000008484200000] [id=12252]
  0x000002596c928400 ConcurrentGCThread "G1 Conc#1" [stack: 0x0000008486b50000,0x0000008486c50000] [id=1980]
  0x000002596c20a660 ConcurrentGCThread "G1 Refine#0" [stack: 0x0000008484200000,0x0000008484300000] [id=5396]
  0x000002596c20ceb0 ConcurrentGCThread "G1 Service" [stack: 0x0000008484300000,0x0000008484400000] [id=10164]

Threads with active compile tasks:

VM state: not at safepoint (normal execution)

VM Mutex/Monitor currently owned by a thread: None

Heap address: 0x0000000703400000, size: 4044 MB, Compressed Oops mode: Zero based, Oop shift amount: 3

CDS archive(s) not mapped
Compressed class space mapped at: 0x0000000800000000-0x0000000840000000, reserved size: 1073741824
Narrow klass base: 0x0000000800000000, Narrow klass shift: 0, Narrow klass range: 0x40000000

GC Precious Log:
 CPUs: 8 total, 8 available
 Memory: 16171M
 Large Page Support: Disabled
 NUMA Support: Disabled
 Compressed Oops: Enabled (Zero based)
 Heap Region Size: 2M
 Heap Min Capacity: 8M
 Heap Initial Capacity: 254M
 Heap Max Capacity: 4044M
 Pre-touch: Disabled
 Parallel Workers: 8
 Concurrent Workers: 2
 Concurrent Refinement Workers: 8
 Periodic GC: Disabled

Heap:
 garbage-first heap   total 159744K, used 48556K [0x0000000703400000, 0x0000000800000000)
  region size 2048K, 9 young (18432K), 1 survivors (2048K)
 Metaspace       used 41092K, committed 41408K, reserved 1114112K
  class space    used 4045K, committed 4160K, reserved 1048576K

Heap Regions: E=young(eden), S=young(survivor), O=old, HS=humongous(starts), HC=humongous(continues), CS=collection set, F=free, OA=open archive, CA=closed archive, TAMS=top-at-mark-start (previous, next)
|   0|0x0000000703400000, 0x0000000703600000, 0x0000000703600000|100%| O|  |TAMS 0x0000000703600000, 0x0000000703600000| Untracked 
|   1|0x0000000703600000, 0x0000000703800000, 0x0000000703800000|100%| O|  |TAMS 0x0000000703800000, 0x0000000703800000| Untracked 
|   2|0x0000000703800000, 0x0000000703a00000, 0x0000000703a00000|100%| O|  |TAMS 0x00000007038f9200, 0x0000000703a00000| Untracked 
|   3|0x0000000703a00000, 0x0000000703c00000, 0x0000000703c00000|100%| O|  |TAMS 0x0000000703c00000, 0x0000000703c00000| Untracked 
|   4|0x0000000703c00000, 0x0000000703e00000, 0x0000000703e00000|100%| O|  |TAMS 0x0000000703e00000, 0x0000000703e00000| Untracked 
|   5|0x0000000703e00000, 0x0000000704000000, 0x0000000704000000|100%| O|  |TAMS 0x0000000703e00000, 0x0000000704000000| Untracked 
|   6|0x0000000704000000, 0x0000000704200000, 0x0000000704200000|100%| O|  |TAMS 0x0000000704000000, 0x0000000704200000| Untracked 
|   7|0x0000000704200000, 0x0000000704400000, 0x0000000704400000|100%| O|  |TAMS 0x0000000704200000, 0x0000000704400000| Untracked 
|   8|0x0000000704400000, 0x0000000704490e00, 0x0000000704600000| 28%| O|  |TAMS 0x0000000704400000, 0x0000000704490e00| Untracked 
|   9|0x0000000704600000, 0x0000000704600000, 0x0000000704800000|  0%| F|  |TAMS 0x0000000704600000, 0x0000000704600000| Untracked 
|  10|0x0000000704800000, 0x0000000704800000, 0x0000000704a00000|  0%| F|  |TAMS 0x0000000704800000, 0x0000000704800000| Untracked 
|  11|0x0000000704a00000, 0x0000000704a00000, 0x0000000704c00000|  0%| F|  |TAMS 0x0000000704a00000, 0x0000000704a00000| Untracked 
|  12|0x0000000704c00000, 0x0000000704c00000, 0x0000000704e00000|  0%| F|  |TAMS 0x0000000704c00000, 0x0000000704c00000| Untracked 
|  13|0x0000000704e00000, 0x0000000705000000, 0x0000000705000000|100%| O|  |TAMS 0x0000000704e00000, 0x0000000705000000| Untracked 
|  14|0x0000000705000000, 0x0000000705200000, 0x0000000705200000|100%| O|  |TAMS 0x0000000705000000, 0x0000000705200000| Untracked 
|  15|0x0000000705200000, 0x0000000705200000, 0x0000000705400000|  0%| F|  |TAMS 0x0000000705200000, 0x0000000705200000| Untracked 
|  16|0x0000000705400000, 0x0000000705400000, 0x0000000705600000|  0%| F|  |TAMS 0x0000000705400000, 0x0000000705400000| Untracked 
|  17|0x0000000705600000, 0x0000000705600000, 0x0000000705800000|  0%| F|  |TAMS 0x0000000705600000, 0x0000000705600000| Untracked 
|  18|0x0000000705800000, 0x0000000705800000, 0x0000000705a00000|  0%| F|  |TAMS 0x0000000705800000, 0x0000000705800000| Untracked 
|  19|0x0000000705a00000, 0x0000000705a00000, 0x0000000705c00000|  0%| F|  |TAMS 0x0000000705a00000, 0x0000000705a00000| Untracked 
|  20|0x0000000705c00000, 0x0000000705c00000, 0x0000000705e00000|  0%| F|  |TAMS 0x0000000705c00000, 0x0000000705c00000| Untracked 
|  21|0x0000000705e00000, 0x0000000705e00000, 0x0000000706000000|  0%| F|  |TAMS 0x0000000705e00000, 0x0000000705e00000| Untracked 
|  22|0x0000000706000000, 0x000000070615dc00, 0x0000000706200000| 68%| O|  |TAMS 0x0000000706000000, 0x0000000706154000| Untracked 
|  23|0x0000000706200000, 0x0000000706400000, 0x0000000706400000|100%|HS|  |TAMS 0x0000000706200000, 0x0000000706200000| Complete 
|  24|0x0000000706400000, 0x0000000706600000, 0x0000000706600000|100%|HC|  |TAMS 0x0000000706400000, 0x0000000706400000| Complete 
|  25|0x0000000706600000, 0x0000000706800000, 0x0000000706800000|100%|HC|  |TAMS 0x0000000706600000, 0x0000000706600000| Complete 
|  26|0x0000000706800000, 0x0000000706a00000, 0x0000000706a00000|100%|HC|  |TAMS 0x0000000706800000, 0x0000000706800000| Complete 
|  27|0x0000000706a00000, 0x0000000706c00000, 0x0000000706c00000|100%|HC|  |TAMS 0x0000000706a00000, 0x0000000706a00000| Complete 
|  28|0x0000000706c00000, 0x0000000706c00000, 0x0000000706e00000|  0%| F|  |TAMS 0x0000000706c00000, 0x0000000706c00000| Untracked 
|  29|0x0000000706e00000, 0x0000000706e00000, 0x0000000707000000|  0%| F|  |TAMS 0x0000000706e00000, 0x0000000706e00000| Untracked 
|  30|0x0000000707000000, 0x0000000707000000, 0x0000000707200000|  0%| F|  |TAMS 0x0000000707000000, 0x0000000707000000| Untracked 
|  31|0x0000000707200000, 0x000000070737c8d8, 0x0000000707400000| 74%| S|CS|TAMS 0x0000000707200000, 0x0000000707200000| Complete 
|  32|0x0000000707400000, 0x0000000707400000, 0x0000000707600000|  0%| F|  |TAMS 0x0000000707400000, 0x0000000707400000| Untracked 
|  33|0x0000000707600000, 0x0000000707600000, 0x0000000707800000|  0%| F|  |TAMS 0x0000000707600000, 0x0000000707600000| Untracked 
|  34|0x0000000707800000, 0x0000000707800000, 0x0000000707a00000|  0%| F|  |TAMS 0x0000000707800000, 0x0000000707800000| Untracked 
|  35|0x0000000707a00000, 0x0000000707a00000, 0x0000000707c00000|  0%| F|  |TAMS 0x0000000707a00000, 0x0000000707a00000| Untracked 
|  36|0x0000000707c00000, 0x0000000707c00000, 0x0000000707e00000|  0%| F|  |TAMS 0x0000000707c00000, 0x0000000707c00000| Untracked 
|  37|0x0000000707e00000, 0x0000000707e00000, 0x0000000708000000|  0%| F|  |TAMS 0x0000000707e00000, 0x0000000707e00000| Untracked 
|  38|0x0000000708000000, 0x0000000708000000, 0x0000000708200000|  0%| F|  |TAMS 0x0000000708000000, 0x0000000708000000| Untracked 
|  39|0x0000000708200000, 0x0000000708200000, 0x0000000708400000|  0%| F|  |TAMS 0x0000000708200000, 0x0000000708200000| Untracked 
|  40|0x0000000708400000, 0x0000000708400000, 0x0000000708600000|  0%| F|  |TAMS 0x0000000708400000, 0x0000000708400000| Untracked 
|  41|0x0000000708600000, 0x0000000708600000, 0x0000000708800000|  0%| F|  |TAMS 0x0000000708600000, 0x0000000708600000| Untracked 
|  42|0x0000000708800000, 0x0000000708800000, 0x0000000708a00000|  0%| F|  |TAMS 0x0000000708800000, 0x0000000708800000| Untracked 
|  43|0x0000000708a00000, 0x0000000708a00000, 0x0000000708c00000|  0%| F|  |TAMS 0x0000000708a00000, 0x0000000708a00000| Untracked 
|  44|0x0000000708c00000, 0x0000000708c00000, 0x0000000708e00000|  0%| F|  |TAMS 0x0000000708c00000, 0x0000000708c00000| Untracked 
|  45|0x0000000708e00000, 0x0000000708e00000, 0x0000000709000000|  0%| F|  |TAMS 0x0000000708e00000, 0x0000000708e00000| Untracked 
|  46|0x0000000709000000, 0x0000000709000000, 0x0000000709200000|  0%| F|  |TAMS 0x0000000709000000, 0x0000000709000000| Untracked 
|  47|0x0000000709200000, 0x0000000709200000, 0x0000000709400000|  0%| F|  |TAMS 0x0000000709200000, 0x0000000709200000| Untracked 
|  48|0x0000000709400000, 0x0000000709400000, 0x0000000709600000|  0%| F|  |TAMS 0x0000000709400000, 0x0000000709400000| Untracked 
|  49|0x0000000709600000, 0x0000000709600000, 0x0000000709800000|  0%| F|  |TAMS 0x0000000709600000, 0x0000000709600000| Untracked 
|  50|0x0000000709800000, 0x0000000709800000, 0x0000000709a00000|  0%| F|  |TAMS 0x0000000709800000, 0x0000000709800000| Untracked 
|  51|0x0000000709a00000, 0x0000000709a00000, 0x0000000709c00000|  0%| F|  |TAMS 0x0000000709a00000, 0x0000000709a00000| Untracked 
|  52|0x0000000709c00000, 0x0000000709c00000, 0x0000000709e00000|  0%| F|  |TAMS 0x0000000709c00000, 0x0000000709c00000| Untracked 
|  53|0x0000000709e00000, 0x0000000709e00000, 0x000000070a000000|  0%| F|  |TAMS 0x0000000709e00000, 0x0000000709e00000| Untracked 
|  54|0x000000070a000000, 0x000000070a000000, 0x000000070a200000|  0%| F|  |TAMS 0x000000070a000000, 0x000000070a000000| Untracked 
|  55|0x000000070a200000, 0x000000070a200000, 0x000000070a400000|  0%| F|  |TAMS 0x000000070a200000, 0x000000070a200000| Untracked 
|  56|0x000000070a400000, 0x000000070a400000, 0x000000070a600000|  0%| F|  |TAMS 0x000000070a400000, 0x000000070a400000| Untracked 
|  57|0x000000070a600000, 0x000000070a600000, 0x000000070a800000|  0%| F|  |TAMS 0x000000070a600000, 0x000000070a600000| Untracked 
|  58|0x000000070a800000, 0x000000070a800000, 0x000000070aa00000|  0%| F|  |TAMS 0x000000070a800000, 0x000000070a800000| Untracked 
|  59|0x000000070aa00000, 0x000000070aa00000, 0x000000070ac00000|  0%| F|  |TAMS 0x000000070aa00000, 0x000000070aa00000| Untracked 
|  60|0x000000070ac00000, 0x000000070ac00000, 0x000000070ae00000|  0%| F|  |TAMS 0x000000070ac00000, 0x000000070ac00000| Untracked 
|  61|0x000000070ae00000, 0x000000070ae00000, 0x000000070b000000|  0%| F|  |TAMS 0x000000070ae00000, 0x000000070ae00000| Untracked 
|  62|0x000000070b000000, 0x000000070b000000, 0x000000070b200000|  0%| F|  |TAMS 0x000000070b000000, 0x000000070b000000| Untracked 
|  63|0x000000070b200000, 0x000000070b200000, 0x000000070b400000|  0%| F|  |TAMS 0x000000070b200000, 0x000000070b200000| Untracked 
|  64|0x000000070b400000, 0x000000070b400000, 0x000000070b600000|  0%| F|  |TAMS 0x000000070b400000, 0x000000070b400000| Untracked 
|  65|0x000000070b600000, 0x000000070b600000, 0x000000070b800000|  0%| F|  |TAMS 0x000000070b600000, 0x000000070b600000| Untracked 
|  66|0x000000070b800000, 0x000000070b800000, 0x000000070ba00000|  0%| F|  |TAMS 0x000000070b800000, 0x000000070b800000| Untracked 
|  67|0x000000070ba00000, 0x000000070ba00000, 0x000000070bc00000|  0%| F|  |TAMS 0x000000070ba00000, 0x000000070ba00000| Untracked 
|  68|0x000000070bc00000, 0x000000070bc00000, 0x000000070be00000|  0%| F|  |TAMS 0x000000070bc00000, 0x000000070bc00000| Untracked 
|  69|0x000000070be00000, 0x000000070be00000, 0x000000070c000000|  0%| F|  |TAMS 0x000000070be00000, 0x000000070be00000| Untracked 
|  70|0x000000070c000000, 0x000000070c181270, 0x000000070c200000| 75%| E|  |TAMS 0x000000070c000000, 0x000000070c000000| Complete 
|  71|0x000000070c200000, 0x000000070c400000, 0x000000070c400000|100%| E|CS|TAMS 0x000000070c200000, 0x000000070c200000| Complete 
|  72|0x000000070c400000, 0x000000070c600000, 0x000000070c600000|100%| E|CS|TAMS 0x000000070c400000, 0x000000070c400000| Complete 
|  73|0x000000070c600000, 0x000000070c800000, 0x000000070c800000|100%| E|CS|TAMS 0x000000070c600000, 0x000000070c600000| Complete 
|  74|0x000000070c800000, 0x000000070ca00000, 0x000000070ca00000|100%| E|CS|TAMS 0x000000070c800000, 0x000000070c800000| Complete 
|  75|0x000000070ca00000, 0x000000070cc00000, 0x000000070cc00000|100%| E|CS|TAMS 0x000000070ca00000, 0x000000070ca00000| Complete 
| 118|0x0000000712000000, 0x0000000712200000, 0x0000000712200000|100%| E|CS|TAMS 0x0000000712000000, 0x0000000712000000| Complete 
| 126|0x0000000713000000, 0x0000000713200000, 0x0000000713200000|100%| E|CS|TAMS 0x0000000713000000, 0x0000000713000000| Complete 

Card table byte_map: [0x0000025960cb0000,0x00000259614a0000] _byte_map_base: 0x000002595d496000

Marking Bits (Prev, Next): (CMBitMap*) 0x000002594da51860, (CMBitMap*) 0x000002594da518a0
 Prev Bits: [0x0000025961c90000, 0x0000025965bc0000)
 Next Bits: [0x0000025965bc0000, 0x0000025969af0000)

Polling page: 0x000002594d180000

Metaspace:

Usage:
  Non-class:     36.18 MB used.
      Class:      3.95 MB used.
       Both:     40.13 MB used.

Virtual space:
  Non-class space:       64.00 MB reserved,      36.38 MB ( 57%) committed,  1 nodes.
      Class space:        1.00 GB reserved,       4.06 MB ( <1%) committed,  1 nodes.
             Both:        1.06 GB reserved,      40.44 MB (  4%) committed. 

Chunk freelists:
   Non-Class:  10.09 MB
       Class:  11.97 MB
        Both:  22.06 MB

MaxMetaspaceSize: unlimited
CompressedClassSpaceSize: 1.00 GB
Initial GC threshold: 21.00 MB
Current GC threshold: 58.88 MB
CDS: off
MetaspaceReclaimPolicy: balanced
 - commit_granule_bytes: 65536.
 - commit_granule_words: 8192.
 - virtual_space_node_default_size: 8388608.
 - enlarge_chunks_in_place: 1.
 - new_chunks_are_fully_committed: 0.
 - uncommit_free_chunks: 1.
 - use_allocation_guard: 0.
 - handle_deallocations: 1.


Internal statistics:

num_allocs_failed_limit: 6.
num_arena_births: 312.
num_arena_deaths: 0.
num_vsnodes_births: 2.
num_vsnodes_deaths: 0.
num_space_committed: 645.
num_space_uncommitted: 0.
num_chunks_returned_to_freelist: 6.
num_chunks_taken_from_freelist: 1310.
num_chunk_merges: 3.
num_chunk_splits: 896.
num_chunks_enlarged: 673.
num_inconsistent_stats: 0.

CodeHeap 'non-profiled nmethods': size=120000Kb used=4881Kb max_used=4881Kb free=115118Kb
 bounds [0x0000025958c60000, 0x0000025959130000, 0x0000025960190000]
CodeHeap 'profiled nmethods': size=120000Kb used=11503Kb max_used=11503Kb free=108496Kb
 bounds [0x0000025951190000, 0x0000025951cd0000, 0x00000259586c0000]
CodeHeap 'non-nmethods': size=5760Kb used=2829Kb max_used=2903Kb free=2930Kb
 bounds [0x00000259586c0000, 0x00000259589a0000, 0x0000025958c60000]
 total_blobs=7885 nmethods=6381 adapters=1416
 compilation: enabled
              stopped_count=0, restarted_count=0
 full_count=0

Compilation events (20 events):
Event: 31.648 Thread 0x000002596c75a340 nmethod 7317 0x0000025959123d90 code [0x0000025959123f00, 0x0000025959123fb8]
Event: 31.648 Thread 0x000002596c75a340 7316       4       com.jme3.util.NativeObject::setUpdateNeeded (6 bytes)
Event: 31.649 Thread 0x000002596c75a340 nmethod 7316 0x0000025959124090 code [0x0000025959124200, 0x0000025959124278]
Event: 31.649 Thread 0x000002596c75adf0 nmethod 7314 0x0000025951cc4f90 code [0x0000025951cc5460, 0x0000025951cc7908]
Event: 31.649 Thread 0x000002596c75adf0 7318       3       com.jme3.scene.VertexBuffer::deleteObject (11 bytes)
Event: 31.649 Thread 0x000002596c75adf0 nmethod 7318 0x0000025951cc8410 code [0x0000025951cc85c0, 0x0000025951cc88a8]
Event: 31.650 Thread 0x000002596c75adf0 7319       3       com.jme3.renderer.opengl.GLRenderer::deleteBuffer (51 bytes)
Event: 31.650 Thread 0x000002596c75adf0 nmethod 7319 0x0000025951cc8990 code [0x0000025951cc8c00, 0x0000025951cc97b8]
Event: 31.650 Thread 0x000002596c75adf0 7320       3       com.jme3.renderer.lwjgl.LwjglGL::glDeleteBuffers (9 bytes)
Event: 31.650 Thread 0x000002596c75adf0 nmethod 7320 0x0000025951cc9c10 code [0x0000025951cc9e00, 0x0000025951cca288]
Event: 32.838 Thread 0x000002596c75adf0 7321       3       java.lang.reflect.Constructor::setAccessible (21 bytes)
Event: 32.838 Thread 0x000002596c75adf0 nmethod 7321 0x0000025951cca490 code [0x0000025951cca6c0, 0x0000025951ccae18]
Event: 32.838 Thread 0x000002596c75adf0 7322       3       java.lang.reflect.Constructor::checkCanSetAccessible (29 bytes)
Event: 32.838 Thread 0x000002596c75adf0 nmethod 7322 0x0000025951ccb090 code [0x0000025951ccb260, 0x0000025951ccb538]
Event: 32.840 Thread 0x000002596c75adf0 7323       3       java.lang.Module::canRead (86 bytes)
Event: 32.840 Thread 0x000002596c75adf0 nmethod 7323 0x0000025951ccb690 code [0x0000025951ccba40, 0x0000025951ccd5a8]
Event: 32.924 Thread 0x000002596c75adf0 7324       3       java.lang.invoke.LambdaFormEditor$TransformKey::of (49 bytes)
Event: 32.924 Thread 0x000002596c75adf0 nmethod 7324 0x0000025951ccdc90 code [0x0000025951ccde80, 0x0000025951cce4d8]
Event: 32.924 Thread 0x000002596c75adf0 7325       3       java.lang.invoke.LambdaFormEditor$TransformKey::packedBytes (32 bytes)
Event: 32.924 Thread 0x000002596c75adf0 nmethod 7325 0x0000025951cce710 code [0x0000025951cce8a0, 0x0000025951cce9b8]

GC Heap History (20 events):
Event: 8.608 GC heap before
{Heap before GC invocations=28 (full 0):
 garbage-first heap   total 159744K, used 148414K [0x0000000703400000, 0x0000000800000000)
  region size 2048K, 45 young (92160K), 1 survivors (2048K)
 Metaspace       used 39326K, committed 39616K, reserved 1114112K
  class space    used 3960K, committed 4096K, reserved 1048576K
}
Event: 8.609 GC heap after
{Heap after GC invocations=29 (full 0):
 garbage-first heap   total 159744K, used 34339K [0x0000000703400000, 0x0000000800000000)
  region size 2048K, 2 young (4096K), 2 survivors (4096K)
 Metaspace       used 39326K, committed 39616K, reserved 1114112K
  class space    used 3960K, committed 4096K, reserved 1048576K
}
Event: 8.853 GC heap before
{Heap before GC invocations=29 (full 0):
 garbage-first heap   total 159744K, used 149027K [0x0000000703400000, 0x0000000800000000)
  region size 2048K, 46 young (94208K), 2 survivors (4096K)
 Metaspace       used 39337K, committed 39616K, reserved 1114112K
  class space    used 3960K, committed 4096K, reserved 1048576K
}
Event: 8.854 GC heap after
{Heap after GC invocations=30 (full 0):
 garbage-first heap   total 159744K, used 35880K [0x0000000703400000, 0x0000000800000000)
  region size 2048K, 1 young (2048K), 1 survivors (2048K)
 Metaspace       used 39337K, committed 39616K, reserved 1114112K
  class space    used 3960K, committed 4096K, reserved 1048576K
}
Event: 9.139 GC heap before
{Heap before GC invocations=30 (full 0):
 garbage-first heap   total 159744K, used 150568K [0x0000000703400000, 0x0000000800000000)
  region size 2048K, 44 young (90112K), 1 survivors (2048K)
 Metaspace       used 39347K, committed 39680K, reserved 1114112K
  class space    used 3960K, committed 4096K, reserved 1048576K
}
Event: 9.141 GC heap after
{Heap after GC invocations=31 (full 0):
 garbage-first heap   total 159744K, used 38695K [0x0000000703400000, 0x0000000800000000)
  region size 2048K, 1 young (2048K), 1 survivors (2048K)
 Metaspace       used 39347K, committed 39680K, reserved 1114112K
  class space    used 3960K, committed 4096K, reserved 1048576K
}
Event: 9.380 GC heap before
{Heap before GC invocations=31 (full 0):
 garbage-first heap   total 159744K, used 151335K [0x0000000703400000, 0x0000000800000000)
  region size 2048K, 46 young (94208K), 1 survivors (2048K)
 Metaspace       used 39347K, committed 39680K, reserved 1114112K
  class space    used 3960K, committed 4096K, reserved 1048576K
}
Event: 9.381 GC heap after
{Heap after GC invocations=32 (full 0):
 garbage-first heap   total 159744K, used 35896K [0x0000000703400000, 0x0000000800000000)
  region size 2048K, 1 young (2048K), 1 survivors (2048K)
 Metaspace       used 39347K, committed 39680K, reserved 1114112K
  class space    used 3960K, committed 4096K, reserved 1048576K
}
Event: 9.696 GC heap before
{Heap before GC invocations=32 (full 0):
 garbage-first heap   total 159744K, used 148536K [0x0000000703400000, 0x0000000800000000)
  region size 2048K, 40 young (81920K), 1 survivors (2048K)
 Metaspace       used 39371K, committed 39680K, reserved 1114112K
  class space    used 3963K, committed 4096K, reserved 1048576K
}
Event: 9.697 GC heap after
{Heap after GC invocations=33 (full 0):
 garbage-first heap   total 159744K, used 31242K [0x0000000703400000, 0x0000000800000000)
  region size 2048K, 1 young (2048K), 1 survivors (2048K)
 Metaspace       used 39371K, committed 39680K, reserved 1114112K
  class space    used 3963K, committed 4096K, reserved 1048576K
}
Event: 10.065 GC heap before
{Heap before GC invocations=33 (full 0):
 garbage-first heap   total 159744K, used 150026K [0x0000000703400000, 0x0000000800000000)
  region size 2048K, 41 young (83968K), 1 survivors (2048K)
 Metaspace       used 39379K, committed 39680K, reserved 1114112K
  class space    used 3963K, committed 4096K, reserved 1048576K
}
Event: 10.066 GC heap after
{Heap after GC invocations=34 (full 0):
 garbage-first heap   total 159744K, used 30505K [0x0000000703400000, 0x0000000800000000)
  region size 2048K, 1 young (2048K), 1 survivors (2048K)
 Metaspace       used 39379K, committed 39680K, reserved 1114112K
  class space    used 3963K, committed 4096K, reserved 1048576K
}
Event: 10.367 GC heap before
{Heap before GC invocations=34 (full 0):
 garbage-first heap   total 159744K, used 151337K [0x0000000703400000, 0x0000000800000000)
  region size 2048K, 46 young (94208K), 1 survivors (2048K)
 Metaspace       used 39390K, committed 39680K, reserved 1114112K
  class space    used 3963K, committed 4096K, reserved 1048576K
}
Event: 10.368 GC heap after
{Heap after GC invocations=35 (full 0):
 garbage-first heap   total 159744K, used 31891K [0x0000000703400000, 0x0000000800000000)
  region size 2048K, 1 young (2048K), 1 survivors (2048K)
 Metaspace       used 39390K, committed 39680K, reserved 1114112K
  class space    used 3963K, committed 4096K, reserved 1048576K
}
Event: 10.716 GC heap before
{Heap before GC invocations=35 (full 0):
 garbage-first heap   total 159744K, used 130195K [0x0000000703400000, 0x0000000800000000)
  region size 2048K, 31 young (63488K), 1 survivors (2048K)
 Metaspace       used 39410K, committed 39744K, reserved 1114112K
  class space    used 3963K, committed 4096K, reserved 1048576K
}
Event: 10.717 GC heap after
{Heap after GC invocations=36 (full 0):
 garbage-first heap   total 159744K, used 32276K [0x0000000703400000, 0x0000000800000000)
  region size 2048K, 1 young (2048K), 1 survivors (2048K)
 Metaspace       used 39410K, committed 39744K, reserved 1114112K
  class space    used 3963K, committed 4096K, reserved 1048576K
}
Event: 11.098 GC heap before
{Heap before GC invocations=36 (full 0):
 garbage-first heap   total 159744K, used 112148K [0x0000000703400000, 0x0000000800000000)
  region size 2048K, 23 young (47104K), 1 survivors (2048K)
 Metaspace       used 39456K, committed 39744K, reserved 1114112K
  class space    used 3967K, committed 4096K, reserved 1048576K
}
Event: 11.099 GC heap after
{Heap after GC invocations=37 (full 0):
 garbage-first heap   total 159744K, used 29276K [0x0000000703400000, 0x0000000800000000)
  region size 2048K, 1 young (2048K), 1 survivors (2048K)
 Metaspace       used 39456K, committed 39744K, reserved 1114112K
  class space    used 3967K, committed 4096K, reserved 1048576K
}
Event: 28.471 GC heap before
{Heap before GC invocations=37 (full 0):
 garbage-first heap   total 159744K, used 143964K [0x0000000703400000, 0x0000000800000000)
  region size 2048K, 46 young (94208K), 1 survivors (2048K)
 Metaspace       used 40844K, committed 41216K, reserved 1114112K
  class space    used 4015K, committed 4160K, reserved 1048576K
}
Event: 28.473 GC heap after
{Heap after GC invocations=38 (full 0):
 garbage-first heap   total 159744K, used 34220K [0x0000000703400000, 0x0000000800000000)
  region size 2048K, 1 young (2048K), 1 survivors (2048K)
 Metaspace       used 40844K, committed 41216K, reserved 1114112K
  class space    used 4015K, committed 4160K, reserved 1048576K
}

Dll operation events (3 events):
Event: 0.005 Loaded shared library C:\Users\maxim\.jdks\jbrsdk-17.0.9-1\bin\java.dll
Event: 0.024 Loaded shared library C:\Users\maxim\.jdks\jbrsdk-17.0.9-1\bin\jsvml.dll
Event: 2.813 Loaded shared library C:\Users\maxim\.jdks\jbrsdk-17.0.9-1\bin\verify.dll

Deoptimization events (20 events):
Event: 28.487 Thread 0x00000259713a0050 Uncommon trap: trap_request=0xffffffc6 fr.pc=0x000002595904ca08 relative=0x0000000000000728
Event: 28.487 Thread 0x00000259713a0050 Uncommon trap: reason=bimorphic_or_optimized_type_check action=maybe_recompile pc=0x000002595904ca08 method=java.util.HashMap.removeNode(ILjava/lang/Object;Ljava/lang/Object;ZZ)Ljava/util/HashMap$Node; @ 68 c2
Event: 28.487 Thread 0x00000259713a0050 DEOPT PACKING pc=0x000002595904ca08 sp=0x00000084852fed10
Event: 28.487 Thread 0x00000259713a0050 DEOPT UNPACKING pc=0x00000259587169a3 sp=0x00000084852feca8 mode 2
Event: 28.487 Thread 0x00000259713a0050 Uncommon trap: trap_request=0xffffffc6 fr.pc=0x000002595904ca08 relative=0x0000000000000728
Event: 28.487 Thread 0x00000259713a0050 Uncommon trap: reason=bimorphic_or_optimized_type_check action=maybe_recompile pc=0x000002595904ca08 method=java.util.HashMap.removeNode(ILjava/lang/Object;Ljava/lang/Object;ZZ)Ljava/util/HashMap$Node; @ 68 c2
Event: 28.487 Thread 0x00000259713a0050 DEOPT PACKING pc=0x000002595904ca08 sp=0x00000084852fed10
Event: 28.487 Thread 0x00000259713a0050 DEOPT UNPACKING pc=0x00000259587169a3 sp=0x00000084852feca8 mode 2
Event: 28.487 Thread 0x00000259713a0050 Uncommon trap: trap_request=0xffffffc6 fr.pc=0x000002595904ca08 relative=0x0000000000000728
Event: 28.487 Thread 0x00000259713a0050 Uncommon trap: reason=bimorphic_or_optimized_type_check action=maybe_recompile pc=0x000002595904ca08 method=java.util.HashMap.removeNode(ILjava/lang/Object;Ljava/lang/Object;ZZ)Ljava/util/HashMap$Node; @ 68 c2
Event: 28.487 Thread 0x00000259713a0050 DEOPT PACKING pc=0x000002595904ca08 sp=0x00000084852fed10
Event: 28.487 Thread 0x00000259713a0050 DEOPT UNPACKING pc=0x00000259587169a3 sp=0x00000084852feca8 mode 2
Event: 28.487 Thread 0x00000259713a0050 Uncommon trap: trap_request=0xffffffc6 fr.pc=0x000002595904ca08 relative=0x0000000000000728
Event: 28.487 Thread 0x00000259713a0050 Uncommon trap: reason=bimorphic_or_optimized_type_check action=maybe_recompile pc=0x000002595904ca08 method=java.util.HashMap.removeNode(ILjava/lang/Object;Ljava/lang/Object;ZZ)Ljava/util/HashMap$Node; @ 68 c2
Event: 28.487 Thread 0x00000259713a0050 DEOPT PACKING pc=0x000002595904ca08 sp=0x00000084852fed10
Event: 28.487 Thread 0x00000259713a0050 DEOPT UNPACKING pc=0x00000259587169a3 sp=0x00000084852feca8 mode 2
Event: 31.648 Thread 0x00000259713a0050 Uncommon trap: trap_request=0xffffff45 fr.pc=0x0000025958ff07e0 relative=0x0000000000000060
Event: 31.648 Thread 0x00000259713a0050 Uncommon trap: reason=unstable_if action=reinterpret pc=0x0000025958ff07e0 method=java.util.HashMap.keySet()Ljava/util/Set; @ 6 c2
Event: 31.648 Thread 0x00000259713a0050 DEOPT PACKING pc=0x0000025958ff07e0 sp=0x00000084852fef50
Event: 31.648 Thread 0x00000259713a0050 DEOPT UNPACKING pc=0x00000259587169a3 sp=0x00000084852feee0 mode 2

Classes unloaded (0 events):
No events

Classes redefined (0 events):
No events

Internal exceptions (20 events):
Event: 4.492 Thread 0x00000259713a0050 Exception <a 'java/lang/ClassNotFoundException'{0x0000000708f28dd8}: com/simsilica/lemur/Button$ButtonActionBeanInfo> (0x0000000708f28dd8) 
thrown [s\src\hotspot\share\classfile\systemDictionary.cpp, line 256]
Event: 4.493 Thread 0x00000259713a0050 Exception <a 'java/lang/ClassNotFoundException'{0x0000000708f31e18}: com/simsilica/lemur/Button$ButtonActionCustomizer> (0x0000000708f31e18) 
thrown [s\src\hotspot\share\classfile\systemDictionary.cpp, line 256]
Event: 4.507 Thread 0x00000259713a0050 Implicit null exception at 0x0000025958d4966f to 0x0000025958d49838
Event: 4.518 Thread 0x00000259713a0050 Exception <a 'java/lang/ClassNotFoundException'{0x00000007130685c0}: com/simsilica/lemur/component/IconComponentBeanInfo> (0x00000007130685c0) 
thrown [s\src\hotspot\share\classfile\systemDictionary.cpp, line 256]
Event: 4.518 Thread 0x00000259713a0050 Exception <a 'java/lang/ClassNotFoundException'{0x0000000713072290}: com/simsilica/lemur/component/IconComponentCustomizer> (0x0000000713072290) 
thrown [s\src\hotspot\share\classfile\systemDictionary.cpp, line 256]
Event: 4.545 Thread 0x00000259713a0050 Implicit null exception at 0x0000025958dc6313 to 0x0000025958dc645c
Event: 5.278 Thread 0x00000259713a0050 Exception <a 'java/lang/ClassNotFoundException'{0x000000070803bb90}: com/simsilica/lemur/ButtonBeanInfo> (0x000000070803bb90) 
thrown [s\src\hotspot\share\classfile\systemDictionary.cpp, line 256]
Event: 5.278 Thread 0x00000259713a0050 Exception <a 'java/lang/ClassNotFoundException'{0x0000000708044510}: com/simsilica/lemur/LabelBeanInfo> (0x0000000708044510) 
thrown [s\src\hotspot\share\classfile\systemDictionary.cpp, line 256]
Event: 5.278 Thread 0x00000259713a0050 Exception <a 'java/lang/ClassNotFoundException'{0x000000070804ce90}: com/simsilica/lemur/PanelBeanInfo> (0x000000070804ce90) 
thrown [s\src\hotspot\share\classfile\systemDictionary.cpp, line 256]
Event: 5.279 Thread 0x00000259713a0050 Exception <a 'java/lang/ClassNotFoundException'{0x00000007080550a0}: com/jme3/scene/NodeBeanInfo> (0x00000007080550a0) 
thrown [s\src\hotspot\share\classfile\systemDictionary.cpp, line 256]
Event: 5.279 Thread 0x00000259713a0050 Exception <a 'java/lang/ClassNotFoundException'{0x000000070805d2c0}: com/jme3/scene/SpatialBeanInfo> (0x000000070805d2c0) 
thrown [s\src\hotspot\share\classfile\systemDictionary.cpp, line 256]
Event: 5.279 Thread 0x00000259713a0050 Exception <a 'java/lang/ClassNotFoundException'{0x0000000708065780}: com/jme3/scene/SpatialCustomizer> (0x0000000708065780) 
thrown [s\src\hotspot\share\classfile\systemDictionary.cpp, line 256]
Event: 5.281 Thread 0x00000259713a0050 Exception <a 'java/lang/ClassNotFoundException'{0x00000007080a4858}: com/jme3/scene/NodeCustomizer> (0x00000007080a4858) 
thrown [s\src\hotspot\share\classfile\systemDictionary.cpp, line 256]
Event: 5.282 Thread 0x00000259713a0050 Exception <a 'java/lang/ClassNotFoundException'{0x00000007080cb2f8}: com/simsilica/lemur/PanelCustomizer> (0x00000007080cb2f8) 
thrown [s\src\hotspot\share\classfile\systemDictionary.cpp, line 256]
Event: 5.284 Thread 0x00000259713a0050 Exception <a 'java/lang/ClassNotFoundException'{0x00000007080f0fc8}: com/simsilica/lemur/LabelCustomizer> (0x00000007080f0fc8) 
thrown [s\src\hotspot\share\classfile\systemDictionary.cpp, line 256]
Event: 5.285 Thread 0x00000259713a0050 Exception <a 'java/lang/ClassNotFoundException'{0x0000000708113428}: com/simsilica/lemur/ButtonCustomizer> (0x0000000708113428) 
thrown [s\src\hotspot\share\classfile\systemDictionary.cpp, line 256]
Event: 12.073 Thread 0x00000259713a0050 Implicit null exception at 0x0000025958f54546 to 0x0000025958f58024
Event: 19.633 Thread 0x00000259713a0050 Implicit null exception at 0x00000259590557cc to 0x000002595905587c
Event: 31.625 Thread 0x000002597dfd47e0 Exception <a 'java/lang/InterruptedException'{0x000000070c000840}: sleep interrupted> (0x000000070c000840) 
thrown [s\src\hotspot\share\prims\jvm.cpp, line 3067]
Event: 32.924 Thread 0x000002597fa42cc0 Exception <a 'java/lang/NoSuchMethodError'{0x000000070c0ee928}: 'void java.lang.invoke.DirectMethodHandle$Holder.invokeInterface(java.lang.Object, java.lang.Object)'> (0x000000070c0ee928) 
thrown [s\src\hotspot\share\interpreter\linkResolver.cpp, line 771]

VM Operations (20 events):
Event: 21.639 Executing VM operation: Cleanup
Event: 21.639 Executing VM operation: Cleanup done
Event: 22.640 Executing VM operation: Cleanup
Event: 22.640 Executing VM operation: Cleanup done
Event: 23.640 Executing VM operation: Cleanup
Event: 23.640 Executing VM operation: Cleanup done
Event: 24.650 Executing VM operation: Cleanup
Event: 24.650 Executing VM operation: Cleanup done
Event: 26.653 Executing VM operation: Cleanup
Event: 26.654 Executing VM operation: Cleanup done
Event: 27.654 Executing VM operation: Cleanup
Event: 27.654 Executing VM operation: Cleanup done
Event: 28.471 Executing VM operation: G1CollectForAllocation
Event: 28.473 Executing VM operation: G1CollectForAllocation done
Event: 30.474 Executing VM operation: Cleanup
Event: 30.474 Executing VM operation: Cleanup done
Event: 31.475 Executing VM operation: Cleanup
Event: 31.475 Executing VM operation: Cleanup done
Event: 32.485 Executing VM operation: Cleanup
Event: 32.485 Executing VM operation: Cleanup done

Events (20 events):
Event: 32.867 loading class sun/awt/Win32GraphicsDevice
Event: 32.867 loading class sun/awt/Win32GraphicsDevice done
Event: 32.867 loading class sun/java2d/d3d/D3DGraphicsDevice done
Event: 32.886 loading class sun/java2d/d3d/D3DRenderQueue
Event: 32.886 loading class sun/java2d/pipe/RenderQueue
Event: 32.887 loading class sun/java2d/pipe/RenderQueue done
Event: 32.887 loading class sun/java2d/d3d/D3DRenderQueue done
Event: 32.887 loading class sun/java2d/pipe/RenderBuffer
Event: 32.887 loading class sun/java2d/pipe/RenderBuffer done
Event: 32.887 loading class sun/java2d/d3d/D3DRenderQueue$1
Event: 32.887 loading class sun/java2d/d3d/D3DRenderQueue$1 done
Event: 32.901 loading class sun/java2d/d3d/D3DGraphicsDevice$1Result
Event: 32.901 loading class sun/java2d/d3d/D3DGraphicsDevice$1Result done
Event: 32.901 loading class sun/java2d/d3d/D3DGraphicsDevice$1
Event: 32.901 loading class sun/java2d/d3d/D3DGraphicsDevice$1 done
Event: 32.923 loading class sun/java2d/d3d/D3DContext$D3DContextCaps
Event: 32.923 loading class sun/java2d/pipe/hw/ContextCapabilities
Event: 32.923 loading class sun/java2d/pipe/hw/ContextCapabilities done
Event: 32.923 loading class sun/java2d/d3d/D3DContext$D3DContextCaps done
Event: 33.003 Thread 0x00000259713a0050 Thread exited: 0x00000259713a0050


Dynamic libraries:
0x00007ff78ea50000 - 0x00007ff78ea5a000 	C:\Users\maxim\.jdks\jbrsdk-17.0.9-1\bin\java.exe
0x00007ff91b1f0000 - 0x00007ff91b407000 	C:\WINDOWS\SYSTEM32\ntdll.dll
0x00007ff919e90000 - 0x00007ff919f54000 	C:\WINDOWS\System32\KERNEL32.DLL
0x00007ff918720000 - 0x00007ff918ac7000 	C:\WINDOWS\System32\KERNELBASE.dll
0x00007ff918c40000 - 0x00007ff918d51000 	C:\WINDOWS\System32\ucrtbase.dll
0x00007ff8df500000 - 0x00007ff8df51b000 	C:\Users\maxim\.jdks\jbrsdk-17.0.9-1\bin\VCRUNTIME140.dll
0x00007ff8e27f0000 - 0x00007ff8e2807000 	C:\Users\maxim\.jdks\jbrsdk-17.0.9-1\bin\jli.dll
0x00007ff91af80000 - 0x00007ff91b12e000 	C:\WINDOWS\System32\USER32.dll
0x00007ff918ef0000 - 0x00007ff918f16000 	C:\WINDOWS\System32\win32u.dll
0x00007ff8fde60000 - 0x00007ff8fe0f3000 	C:\WINDOWS\WinSxS\amd64_microsoft.windows.common-controls_6595b64144ccf1df_6.0.22621.3527_none_270e469b73872a76\COMCTL32.dll
0x00007ff91a030000 - 0x00007ff91a059000 	C:\WINDOWS\System32\GDI32.dll
0x00007ff91a7e0000 - 0x00007ff91a887000 	C:\WINDOWS\System32\msvcrt.dll
0x00007ff9185d0000 - 0x00007ff9186e9000 	C:\WINDOWS\System32\gdi32full.dll
0x00007ff918de0000 - 0x00007ff918e7a000 	C:\WINDOWS\System32\msvcp_win.dll
0x00007ff919c10000 - 0x00007ff919c41000 	C:\WINDOWS\System32\IMM32.DLL
0x00007ff8ff5d0000 - 0x00007ff8ff5dc000 	C:\Users\maxim\.jdks\jbrsdk-17.0.9-1\bin\vcruntime140_1.dll
0x00007ff89f070000 - 0x00007ff89f0fd000 	C:\Users\maxim\.jdks\jbrsdk-17.0.9-1\bin\msvcp140.dll
0x00007ff896f80000 - 0x00007ff897c03000 	C:\Users\maxim\.jdks\jbrsdk-17.0.9-1\bin\server\jvm.dll
0x00007ff919f60000 - 0x00007ff91a012000 	C:\WINDOWS\System32\ADVAPI32.dll
0x00007ff91a060000 - 0x00007ff91a108000 	C:\WINDOWS\System32\sechost.dll
0x00007ff9186f0000 - 0x00007ff918718000 	C:\WINDOWS\System32\bcrypt.dll
0x00007ff91ae60000 - 0x00007ff91af75000 	C:\WINDOWS\System32\RPCRT4.dll
0x00007ff914cb0000 - 0x00007ff914cb9000 	C:\WINDOWS\SYSTEM32\WSOCK32.dll
0x00007ff917350000 - 0x00007ff91739d000 	C:\WINDOWS\SYSTEM32\POWRPROF.dll
0x00007ff9052a0000 - 0x00007ff9052d4000 	C:\WINDOWS\SYSTEM32\WINMM.dll
0x00007ff91ad10000 - 0x00007ff91ad81000 	C:\WINDOWS\System32\WS2_32.dll
0x00007ff90e190000 - 0x00007ff90e19a000 	C:\WINDOWS\SYSTEM32\VERSION.dll
0x00007ff917330000 - 0x00007ff917343000 	C:\WINDOWS\SYSTEM32\UMPDC.dll
0x00007ff9175f0000 - 0x00007ff917608000 	C:\WINDOWS\SYSTEM32\kernel.appcore.dll
0x00007ff8ff490000 - 0x00007ff8ff49a000 	C:\Users\maxim\.jdks\jbrsdk-17.0.9-1\bin\jimage.dll
0x00007ff915dc0000 - 0x00007ff915ff2000 	C:\WINDOWS\SYSTEM32\DBGHELP.DLL
0x00007ff918f20000 - 0x00007ff9192a8000 	C:\WINDOWS\System32\combase.dll
0x00007ff91a210000 - 0x00007ff91a2e7000 	C:\WINDOWS\System32\OLEAUT32.dll
0x00007ff8e6fe0000 - 0x00007ff8e7012000 	C:\WINDOWS\SYSTEM32\dbgcore.DLL
0x00007ff918d60000 - 0x00007ff918dd9000 	C:\WINDOWS\System32\bcryptPrimitives.dll
0x00007ff8ddf60000 - 0x00007ff8ddf85000 	C:\Users\maxim\.jdks\jbrsdk-17.0.9-1\bin\java.dll
0x00007ff8dedc0000 - 0x00007ff8dedd8000 	C:\Users\maxim\.jdks\jbrsdk-17.0.9-1\bin\zip.dll
0x00007ff89b440000 - 0x00007ff89b517000 	C:\Users\maxim\.jdks\jbrsdk-17.0.9-1\bin\jsvml.dll
0x00007ff9193b0000 - 0x00007ff919c0c000 	C:\WINDOWS\System32\SHELL32.dll
0x00007ff916410000 - 0x00007ff916d06000 	C:\WINDOWS\SYSTEM32\windows.storage.dll
0x00007ff9162d0000 - 0x00007ff91640e000 	C:\WINDOWS\SYSTEM32\wintypes.dll
0x00007ff9192b0000 - 0x00007ff9193a5000 	C:\WINDOWS\System32\SHCORE.dll
0x00007ff91a4d0000 - 0x00007ff91a52e000 	C:\WINDOWS\System32\shlwapi.dll
0x00007ff918440000 - 0x00007ff918461000 	C:\WINDOWS\SYSTEM32\profapi.dll
0x00007ff8dd940000 - 0x00007ff8dd959000 	C:\Users\maxim\.jdks\jbrsdk-17.0.9-1\bin\net.dll
0x00007ff90f7f0000 - 0x00007ff90f926000 	C:\WINDOWS\SYSTEM32\WINHTTP.dll
0x00007ff917a90000 - 0x00007ff917af9000 	C:\WINDOWS\system32\mswsock.dll
0x00007ff8dd1c0000 - 0x00007ff8dd1d6000 	C:\Users\maxim\.jdks\jbrsdk-17.0.9-1\bin\nio.dll
0x00007ff89b590000 - 0x00007ff89b60a000 	C:\Users\maxim\AppData\Local\Temp\lwjgl_maxim\3.3.2+13\x64\lwjgl.dll
0x00007ff895a70000 - 0x00007ff895ce0000 	C:\Users\maxim\AppData\Local\Temp\lwjgl_maxim\3.3.2+13\x64\jemalloc.dll
0x00007ff89b3b0000 - 0x00007ff89b432000 	C:\Users\maxim\AppData\Local\Temp\lwjgl_maxim\3.3.2+13\x64\glfw.dll
0x00007ff8b9f10000 - 0x00007ff8b9f56000 	C:\WINDOWS\SYSTEM32\dinput8.dll
0x00007ff902c60000 - 0x00007ff902c71000 	C:\WINDOWS\SYSTEM32\xinput1_4.dll
0x00007ff9181f0000 - 0x00007ff91823e000 	C:\WINDOWS\SYSTEM32\cfgmgr32.dll
0x00007ff9181c0000 - 0x00007ff9181ec000 	C:\WINDOWS\SYSTEM32\DEVOBJ.dll
0x00007ff915870000 - 0x00007ff91589b000 	C:\WINDOWS\SYSTEM32\dwmapi.dll
0x00007ff8ffbc0000 - 0x00007ff8ffdcc000 	C:\WINDOWS\SYSTEM32\inputhost.dll
0x00007ff9151a0000 - 0x00007ff9152d3000 	C:\WINDOWS\SYSTEM32\CoreMessaging.dll
0x00007ff915640000 - 0x00007ff9156eb000 	C:\WINDOWS\system32\uxtheme.dll
0x00007ff917d10000 - 0x00007ff917d1c000 	C:\WINDOWS\SYSTEM32\CRYPTBASE.DLL
0x00007ff91a2f0000 - 0x00007ff91a443000 	C:\WINDOWS\System32\MSCTF.dll
0x00007ff8fc030000 - 0x00007ff8fc130000 	C:\WINDOWS\SYSTEM32\opengl32.dll
0x00007ff902b30000 - 0x00007ff902b5d000 	C:\WINDOWS\SYSTEM32\GLU32.dll
0x00007ff915720000 - 0x00007ff915759000 	C:\WINDOWS\SYSTEM32\dxcore.dll
0x00007ff910100000 - 0x00007ff91014a000 	C:\WINDOWS\SYSTEM32\directxdatabasehelper.dll
0x00007ff91ad90000 - 0x00007ff91ae40000 	C:\WINDOWS\System32\clbcatq.dll
0x00007ff889890000 - 0x00007ff88c534000 	C:\WINDOWS\System32\DriverStore\FileRepository\nvami.inf_amd64_5a5c892944a7f61d\nvoglv64.dll
0x00007ff91a890000 - 0x00007ff91ad04000 	C:\WINDOWS\System32\SETUPAPI.dll
0x00007ff919c50000 - 0x00007ff919df5000 	C:\WINDOWS\System32\ole32.dll
0x00007ff9173b0000 - 0x00007ff9173c4000 	C:\WINDOWS\SYSTEM32\WTSAPI32.dll
0x00007ff917e50000 - 0x00007ff917e62000 	C:\WINDOWS\SYSTEM32\msasn1.dll
0x00007ff907f40000 - 0x00007ff907f72000 	C:\WINDOWS\SYSTEM32\cryptnet.dll
0x00007ff918ad0000 - 0x00007ff918c38000 	C:\WINDOWS\System32\CRYPT32.dll
0x00007ff907de0000 - 0x00007ff907f38000 	C:\WINDOWS\SYSTEM32\drvstore.dll
0x00007ff917da0000 - 0x00007ff917de9000 	C:\WINDOWS\SYSTEM32\wldp.dll
0x00007ff918e80000 - 0x00007ff918eeb000 	C:\WINDOWS\System32\WINTRUST.dll
0x00007ff917610000 - 0x00007ff917644000 	C:\WINDOWS\SYSTEM32\ntmarta.dll
0x00007ff91b130000 - 0x00007ff91b14f000 	C:\WINDOWS\System32\imagehlp.dll
0x00007ff917cf0000 - 0x00007ff917d0b000 	C:\WINDOWS\SYSTEM32\CRYPTSP.dll
0x00007ff917550000 - 0x00007ff917585000 	C:\WINDOWS\system32\rsaenh.dll
0x00007ff8c9f40000 - 0x00007ff8cc15e000 	C:\WINDOWS\System32\DriverStore\FileRepository\nvami.inf_amd64_5a5c892944a7f61d\nvgpucomp64.dll
0x00007ff8da260000 - 0x00007ff8da531000 	C:\WINDOWS\system32\nvspcap64.dll
0x00007ff916f60000 - 0x00007ff916fc6000 	C:\WINDOWS\SYSTEM32\WINSTA.dll
0x00007ff915760000 - 0x00007ff915857000 	C:\WINDOWS\system32\dxgi.dll
0x00007ff9149e0000 - 0x00007ff914c37000 	C:\WINDOWS\system32\d3d11.dll
0x00007ff904040000 - 0x00007ff904706000 	C:\WINDOWS\SYSTEM32\nvapi64.dll
0x00007ff915520000 - 0x00007ff9155b7000 	C:\WINDOWS\SYSTEM32\apphelp.dll
0x00007ff914770000 - 0x00007ff9149c5000 	C:\WINDOWS\SYSTEM32\dcomp.dll
0x00007ff902e70000 - 0x00007ff902fbb000 	C:\WINDOWS\SYSTEM32\textinputframework.dll
0x00007ff90f440000 - 0x00007ff90f7ac000 	C:\WINDOWS\SYSTEM32\CoreUIComponents.dll
0x00007ff8fe420000 - 0x00007ff8fe46b000 	C:\WINDOWS\system32\ApplicationTargetedFeatureDatabase.dll
0x00007ff90dae0000 - 0x00007ff90dd6b000 	C:\Windows\System32\twinapi.appcore.dll
0x00007ff89b530000 - 0x00007ff89b58e000 	C:\Users\maxim\AppData\Local\Temp\lwjgl_maxim\3.3.2+13\x64\lwjgl_opengl.dll
0x00007ff916d10000 - 0x00007ff916d1e000 	C:\WINDOWS\SYSTEM32\HID.DLL
0x00007ff8958d0000 - 0x00007ff895a6a000 	C:\Users\maxim\.jdks\jbrsdk-17.0.9-1\bin\awt.dll
0x00007ff89ba30000 - 0x00007ff89ba74000 	C:\Users\maxim\.jdks\jbrsdk-17.0.9-1\bin\nvdaControllerClient64.dll
0x00007ff895700000 - 0x00007ff8958c5000 	C:\Users\maxim\AppData\Local\Temp\lwjgl_maxim\3.3.2+13\x64\OpenAL.dll
0x00007ff906b90000 - 0x00007ff906c2d000 	C:\WINDOWS\System32\MMDevApi.dll
0x00007ff904720000 - 0x00007ff90490c000 	C:\WINDOWS\SYSTEM32\AUDIOSES.DLL
0x00007ff915b70000 - 0x00007ff915b85000 	C:\WINDOWS\SYSTEM32\resourcepolicyclient.dll
0x00007ff8fea30000 - 0x00007ff8fea40000 	C:\Users\maxim\.jdks\jbrsdk-17.0.9-1\bin\verify.dll
0x00007ff8cc590000 - 0x00007ff8cc5bd000 	C:\Users\maxim\.jdks\jbrsdk-17.0.9-1\bin\javajpeg.dll

dbghelp: loaded successfully - version: 4.0.5 - missing functions: none
symbol engine: initialized successfully - sym options: 0x614 - pdb path: .;C:\Users\maxim\.jdks\jbrsdk-17.0.9-1\bin;C:\WINDOWS\SYSTEM32;C:\WINDOWS\WinSxS\amd64_microsoft.windows.common-controls_6595b64144ccf1df_6.0.22621.3527_none_270e469b73872a76;C:\Users\maxim\.jdks\jbrsdk-17.0.9-1\bin\server;C:\Users\maxim\AppData\Local\Temp\lwjgl_maxim\3.3.2+13\x64;C:\WINDOWS\System32\DriverStore\FileRepository\nvami.inf_amd64_5a5c892944a7f61d;C:\Windows\System32\DriverStore\FileRepository\iigd_dch.inf_amd64_2ce3ffa204f4b311

VM Arguments:
jvm_args: -Dfile.encoding=windows-1251 -Duser.country=US -Duser.language=en -Duser.variant 
java_command: labirinthan.Labirinthan
java_class_path (initial): C:\Users\maxim\IdeaProjects\Labirinthan\build\classes\java\main;C:\Users\maxim\IdeaProjects\Labirinthan\build\resources\main;C:\Users\maxim\.gradle\caches\modules-2\files-2.1\org.jmonkeyengine\jme3-desktop\3.6.1-stable\a09230b60616779b1f4d8bc2ebf42ddd736c276a\jme3-desktop-3.6.1-stable.jar;C:\Users\maxim\.gradle\caches\modules-2\files-2.1\org.jmonkeyengine\jme3-effects\3.6.1-stable\6fc15dc69115f205c9beca230b5b490f3995a1c7\jme3-effects-3.6.1-stable.jar;C:\Users\maxim\.gradle\caches\modules-2\files-2.1\org.jmonkeyengine\jme3-jbullet\3.6.1-stable\a9a96ba4c39383ab7e8bef514577f37985d926fa\jme3-jbullet-3.6.1-stable.jar;C:\Users\maxim\.gradle\caches\modules-2\files-2.1\org.jmonkeyengine\jme3-terrain\3.6.1-stable\a9bf890743f3c7b804d748ec3f8fb3bd78654887\jme3-terrain-3.6.1-stable.jar;C:\Users\maxim\.gradle\caches\modules-2\files-2.1\org.jmonkeyengine\jme3-networking\3.6.1-stable\dc99deb3fa21e24a6b14a8d1d00f838a10c90ab7\jme3-networking-3.6.1-stable.jar;C:\Users\maxim\.gradle\caches\modules-2\files-2.1\com.simsilica\lemur-proto\1.13.0\9163fc6865f204de84baac90b57820df86d5fe95\lemur-proto-1.13.0.jar;C:\Users\maxim\.gradle\caches\modules-2\files-2.1\com.simsilica\lemur\1.16.0\8e4af305c8c00dde11db8d76be8debd5ee751c09\lemur-1.16.0.jar;C:\Users\maxim\.gradle\caches\modules-2\files-2.1\org.jmonkeyengine\jme3-jogg\3.6.1-stable\4a857f4f1a83f11b586f0c23b0137842b24d1fae\jme3-jogg-3.6.1-stable.jar;C:\Users\maxim\.gradle\caches\modules-2\files-2.1\org.jmonkeyengine\jme3-plugins\3.6.1-stable\3fdd7124715d9afc408addd0a21b49a5f73e0fb6\jme3-plugins-3.6.1-stable.jar;C:\Users\maxim\.gradle\caches\modules-2\files-2.1\org.jmonkeyengine\jme3-lwjgl3\3.6.1-stable\deef87277aa4127826741d9c64c413870949a75c\jme3-lwjgl3-3.6.1-stable.jar;C:\Users\maxim\.gradle\caches\modules-2\files-2.1\org.jmonkeyengine\jme3-core\3.6.1-stable\8ebbe54ee193cfe301b625769311e41b61d1def4\jme3-core-3.6.1-stable.jar;C:\Users\maxim\.gradle\caches\modules-2\files-2.1\com.github.stephengold\jbullet\1.0.2\
Launcher Type: SUN_STANDARD

[Global flags]
     intx CICompilerCount                          = 4                                         {product} {ergonomic}
     uint ConcGCThreads                            = 2                                         {product} {ergonomic}
     uint G1ConcRefinementThreads                  = 8                                         {product} {ergonomic}
   size_t G1HeapRegionSize                         = 2097152                                   {product} {ergonomic}
    uintx GCDrainStackTargetSize                   = 64                                        {product} {ergonomic}
   size_t InitialHeapSize                          = 266338304                                 {product} {ergonomic}
   size_t MarkStackSize                            = 4194304                                   {product} {ergonomic}
   size_t MaxHeapSize                              = 4240441344                                {product} {ergonomic}
   size_t MaxNewSize                               = 2543845376                                {product} {ergonomic}
   size_t MinHeapDeltaBytes                        = 2097152                                   {product} {ergonomic}
   size_t MinHeapSize                              = 8388608                                   {product} {ergonomic}
    uintx NonNMethodCodeHeapSize                   = 5839372                                {pd product} {ergonomic}
    uintx NonProfiledCodeHeapSize                  = 122909434                              {pd product} {ergonomic}
    uintx ProfiledCodeHeapSize                     = 122909434                              {pd product} {ergonomic}
    uintx ReservedCodeCacheSize                    = 251658240                              {pd product} {ergonomic}
     bool SegmentedCodeCache                       = true                                      {product} {ergonomic}
   size_t SoftMaxHeapSize                          = 4240441344                             {manageable} {ergonomic}
     bool UseCompressedClassPointers               = true                           {product lp64_product} {ergonomic}
     bool UseCompressedOops                        = true                           {product lp64_product} {ergonomic}
     bool UseG1GC                                  = true                                      {product} {ergonomic}
     bool UseLargePagesIndividualAllocation        = false                                  {pd product} {ergonomic}

Logging:
Log output configuration:
 #0: stdout all=warning uptime,level,tags
 #1: stderr all=off uptime,level,tags

Environment Variables:
PATH=C:\Program Files (x86)\Common Files\Oracle\Java\javapath;C:\ProgramData\Oracle\Java\javapath;C:\Windows\System32;C:\WINDOWS\system32;C:\WINDOWS;C:\WINDOWS\System32\Wbem;C:\WINDOWS\System32\WindowsPowerShell\v1.0\;C:\WINDOWS\System32\OpenSSH\;C:\Program Files (x86)\NVIDIA Corporation\PhysX\Common;C:\Program Files\NVIDIA Corporation\NVIDIA NvDLISR;C:\Program Files\Git\cmd;C:\Users\maxim\AppData\Local\Microsoft\WindowsApps;C:\Users\maxim\AppData\Local\GitHubDesktop\bin
USERNAME=maxim
OS=Windows_NT
PROCESSOR_IDENTIFIER=Intel64 Family 6 Model 165 Stepping 2, GenuineIntel
TMP=C:\Users\maxim\AppData\Local\Temp
TEMP=C:\Users\maxim\AppData\Local\Temp



Periodic native trim disabled

JNI global refs:
JNI global refs: 26, weak refs: 1

JNI global refs memory usage: 843, weak refs: 841

OOME stack traces (most recent first):
Classloader memory used:
Loader jdk.internal.loader.ClassLoaders$AppClassLoader                                 : 2616K
Loader bootstrap                                                                       : 2412K
Loader jdk.internal.loader.ClassLoaders$PlatformClassLoader                            : 59049B
Loader groovy.lang.GroovyClassLoader$InnerLoader                                       : 34447B
Loader jdk.internal.reflect.DelegatingClassLoader                                      : 11618B
Loader org.codehaus.groovy.runtime.callsite.CallSiteClassLoader                        : 4761B


---------------  S Y S T E M  ---------------

OS:
 Windows 11 , 64 bit Build 22621 (10.0.22621.3527)
OS uptime: 13 days 23:47 hours
Hyper-V role detected

CPU: total 8 (initial active 8) (4 cores per cpu, 2 threads per core) family 6 model 165 stepping 2 microcode 0xe0, cx8, cmov, fxsr, ht, mmx, 3dnowpref, sse, sse2, sse3, ssse3, sse4.1, sse4.2, popcnt, lzcnt, tsc, tscinvbit, avx, avx2, aes, erms, clmul, bmi1, bmi2, adx, fma, vzeroupper, clflush, clflushopt, hv
Processor Information for all 8 processors :
  Max Mhz: 2496, Current Mhz: 2496, Mhz Limit: 2496

Memory: 4k page, system-wide physical 16171M (4306M free)
TotalPageFile size 21803M (AvailPageFile size 3902M)
current process WorkingSet (physical memory assigned to process): 916M, peak: 1108M
current process commit charge ("private bytes"): 1242M, peak: 2113M

vm_info: OpenJDK 64-Bit Server VM (17.0.9+7-b1087.7) for windows-amd64 JRE (17.0.9+7-b1087.7), built on 2023-11-17 by "builduser" with MS VC++ 16.10 / 16.11 (VS2019)

END.
